<?xml version="1.0" encoding="UTF-8"?>
<!-- Generated by org.testng.reporters.JUnitReportReporter -->
<testsuite skipped="0" hostname="DELL-L4N91MT" name="Runner_Files.Signup_positive_scenarios_runner" tests="6" failures="0" timestamp="2021-04-16T17:56:56 IST" time="35.684" errors="0">
  <testcase name="runScenario" time="18.439" classname="Runner_Files.Signup_positive_scenarios_runner"/>
  <system-out/>
  <testcase name="runScenario" time="4.198" classname="Runner_Files.Signup_positive_scenarios_runner"/>
  <system-out/>
  <testcase name="runScenario" time="2.898" classname="Runner_Files.Signup_positive_scenarios_runner"/>
  <system-out/>
  <testcase name="runScenario" time="3.073" classname="Runner_Files.Signup_positive_scenarios_runner"/>
  <system-out/>
  <testcase name="runScenario" time="4.388" classname="Runner_Files.Signup_positive_scenarios_runner"/>
  <system-out/>
  <testcase name="runScenario" time="2.688" classname="Runner_Files.Signup_positive_scenarios_runner"/>
  <system-out/>
</testsuite> <!-- Runner_Files.Signup_positive_scenarios_runner -->
