<?xml version="1.0" encoding="UTF-8"?>
<!-- Generated by org.testng.reporters.JUnitReportReporter -->
<testsuite hostname="DELL-L4N91MT" failures="0" tests="3" name="Runner_Files.Services_positive_scenarios_runner" time="168.583" errors="0" timestamp="2021-05-05T13:44:30 IST" skipped="0">
  <testcase classname="Runner_Files.Services_positive_scenarios_runner" name="runScenario" time="110.623"/>
  <system-out/>
  <testcase classname="Runner_Files.Services_positive_scenarios_runner" name="runScenario" time="57.278"/>
  <system-out/>
  <testcase classname="Runner_Files.Services_positive_scenarios_runner" name="runScenario" time="0.682"/>
  <system-out/>
</testsuite> <!-- Runner_Files.Services_positive_scenarios_runner -->
