<?xml version="1.0" encoding="UTF-8"?>
<!-- Generated by org.testng.reporters.JUnitReportReporter -->
<testsuite hostname="DELL-L4N91MT" failures="0" tests="5" name="Runner_Files.Homepage_positive_scenarios_runner" time="93.183" errors="0" timestamp="2021-05-05T14:05:34 IST" skipped="0">
  <testcase classname="Runner_Files.Homepage_positive_scenarios_runner" name="runScenario" time="13.167"/>
  <system-out/>
  <testcase classname="Runner_Files.Homepage_positive_scenarios_runner" name="runScenario" time="64.082"/>
  <system-out/>
  <testcase classname="Runner_Files.Homepage_positive_scenarios_runner" name="runScenario" time="2.460"/>
  <system-out/>
  <testcase classname="Runner_Files.Homepage_positive_scenarios_runner" name="runScenario" time="6.767"/>
  <system-out/>
  <testcase classname="Runner_Files.Homepage_positive_scenarios_runner" name="runScenario" time="6.707"/>
  <system-out/>
</testsuite> <!-- Runner_Files.Homepage_positive_scenarios_runner -->
